Using pre-set license
Built from '2020.2/release' branch; Version is '2020.2.0f1 (3721df5a8b28) revision 3613151'; Using compiler version '192528614'; Build Type 'Release'
OS: 'Windows 10  (10.0.0) 64bit' Language: 'ru' Physical Memory: 16339 MB
BatchMode: 1, IsHumanControllingUs: 0, StartBugReporterOnCrash: 0, Is64bit: 1, IsPro: 0

 COMMAND LINE ARGUMENTS:
E:\UnityStuff\2020.2.0f1\Editor\Unity.exe
-adb2
-batchMode
-noUpm
-name
AssetImportWorker0
-projectPath
E:/UnityProjects/CookingPot
-logFile
Logs/AssetImportWorker0.log
-srvPort
57702
Successfully changed project path to: E:/UnityProjects/CookingPot
E:/UnityProjects/CookingPot
Using Asset Import Pipeline V2.
Refreshing native plugins compatible for Editor in 30.23 ms, found 0 plugins.
Preloading 0 native plugins for Editor in 0.00 ms.
Initialize engine version: 2020.2.0f1 (3721df5a8b28)
[Subsystems] Discovering subsystems at path E:/UnityStuff/2020.2.0f1/Editor/Data/Resources/UnitySubsystems
[Subsystems] Discovering subsystems at path E:/UnityProjects/CookingPot/Assets
GfxDevice: creating device client; threaded=0
Direct3D:
    Version:  Direct3D 11.0 [level 11.1]
    Renderer: NVIDIA GeForce GTX 960 (ID=0x1401)
    Vendor:   
    VRAM:     2007 MB
    Driver:   27.21.14.6172
Initialize mono
Mono path[0] = 'E:/UnityStuff/2020.2.0f1/Editor/Data/Managed'
Mono path[1] = 'E:/UnityStuff/2020.2.0f1/Editor/Data/MonoBleedingEdge/lib/mono/unityjit'
Mono config path = 'E:/UnityStuff/2020.2.0f1/Editor/Data/MonoBleedingEdge/etc'
Using monoOptions --debugger-agent=transport=dt_socket,embedding=1,server=y,suspend=n,address=127.0.0.1:56824
Begin MonoManager ReloadAssembly
Registering precompiled unity dll's ...
Register platform support module: E:/UnityStuff/2020.2.0f1/Editor/Data/PlaybackEngines/WindowsStandaloneSupport/UnityEditor.WindowsStandalone.Extensions.dll
Registered in 0.001409 seconds.
Native extension for WindowsStandalone target not found
Refreshing native plugins compatible for Editor in 28.34 ms, found 0 plugins.
Preloading 0 native plugins for Editor in 0.00 ms.
Invoked RoslynAnalysisRunner static constructor.
RoslynAnalysisRunner will not be running.
RoslynAnalysisRunner has terminated.
Mono: successfully reloaded assembly
- Completed reload, in  1.297 seconds
Platform modules already initialized, skipping
Registering precompiled user dll's ...
Registered in 0.000650 seconds.
Begin MonoManager ReloadAssembly
Native extension for WindowsStandalone target not found
Refreshing native plugins compatible for Editor in 0.28 ms, found 0 plugins.
Preloading 0 native plugins for Editor in 0.00 ms.
Invoked RoslynAnalysisRunner static constructor.
RoslynAnalysisRunner will not be running.
RoslynAnalysisRunner has terminated.
Mono: successfully reloaded assembly
- Completed reload, in  1.245 seconds
Platform modules already initialized, skipping
========================================================================
Worker process is ready to serve import requests
Launched and connected shader compiler UnityShaderCompiler.exe after 0.07 seconds
Refreshing native plugins compatible for Editor in 0.28 ms, found 0 plugins.
Preloading 0 native plugins for Editor in 0.00 ms.
Unloading 1103 Unused Serialized files (Serialized files now loaded: 0)
System memory in use before: 68.5 MB.
System memory in use after: 68.6 MB.

Unloading 10 unused Assets to reduce memory usage. Loaded Objects now: 1561.
Total: 2.333200 ms (FindLiveObjects: 0.211400 ms CreateObjectMapping: 0.112000 ms MarkObjects: 1.889000 ms  DeleteObjects: 0.119300 ms)

========================================================================
Received Import Request.
  path: Assets/Scripts/CookingPot
  artifactKey: Guid(df949a64d95542f784a6ac6cb21dc51d) Importer(815301076,1909f56bfc062723c751e8b465ee728b)
Start importing Assets/Scripts/CookingPot using Guid(df949a64d95542f784a6ac6cb21dc51d) Importer(815301076,1909f56bfc062723c751e8b465ee728b)  -> (artifact id: '21ff4803f4234badd2e83ce8ab28a05c') in 0.008211 seconds
  Import took 0.010341 seconds .

========================================================================
Received Import Request.
  Time since last request: 0.000378 seconds.
  path: Assets/Scripts/CookingPot/RightHand.cs
  artifactKey: Guid(755b383bb87241beb22e6730dd618a75) Importer(815301076,1909f56bfc062723c751e8b465ee728b)
Start importing Assets/Scripts/CookingPot/RightHand.cs using Guid(755b383bb87241beb22e6730dd618a75) Importer(815301076,1909f56bfc062723c751e8b465ee728b)  -> (artifact id: 'c7f997c693ddcec1d7f1c8e05f8f81ea') in 0.057404 seconds
  Import took 0.059850 seconds .

========================================================================
Received Import Request.
  Time since last request: 19.905493 seconds.
  path: Assets/Scripts/CookingPot/PlayerController.cs
  artifactKey: Guid(c3c1d6cf49ec457888912c280a81a016) Importer(815301076,1909f56bfc062723c751e8b465ee728b)
Start importing Assets/Scripts/CookingPot/PlayerController.cs using Guid(c3c1d6cf49ec457888912c280a81a016) Importer(815301076,1909f56bfc062723c751e8b465ee728b)  -> (artifact id: 'b184e90a73552e9dfab476aa972a9617') in 0.001840 seconds
  Import took 0.004360 seconds .

========================================================================
Received Import Request.
  Time since last request: 287.136294 seconds.
  path: Assets/Scripts/CookingPot/PlayerController.cs
  artifactKey: Guid(c3c1d6cf49ec457888912c280a81a016) Importer(815301076,1909f56bfc062723c751e8b465ee728b)
Start importing Assets/Scripts/CookingPot/PlayerController.cs using Guid(c3c1d6cf49ec457888912c280a81a016) Importer(815301076,1909f56bfc062723c751e8b465ee728b)  -> (artifact id: 'bc3cdb878c7b442e4a274fc4869e7ab7') in 0.001985 seconds
  Import took 0.005470 seconds .

========================================================================
Received Prepare
Registering precompiled user dll's ...
Registered in 0.000674 seconds.
Begin MonoManager ReloadAssembly
Native extension for WindowsStandalone target not found
Refreshing native plugins compatible for Editor in 0.28 ms, found 0 plugins.
Preloading 0 native plugins for Editor in 0.00 ms.
Invoked RoslynAnalysisRunner static constructor.
RoslynAnalysisRunner will not be running.
RoslynAnalysisRunner has terminated.
Mono: successfully reloaded assembly
- Completed reload, in  0.946 seconds
Platform modules already initialized, skipping
Refreshing native plugins compatible for Editor in 0.25 ms, found 0 plugins.
Preloading 0 native plugins for Editor in 0.00 ms.
Unloading 1098 Unused Serialized files (Serialized files now loaded: 0)
System memory in use before: 68.7 MB.
System memory in use after: 68.8 MB.

Unloading 5 unused Assets to reduce memory usage. Loaded Objects now: 1563.
Total: 2.323000 ms (FindLiveObjects: 0.213400 ms CreateObjectMapping: 0.076900 ms MarkObjects: 1.949600 ms  DeleteObjects: 0.081600 ms)

========================================================================
Received Prepare
Registering precompiled user dll's ...
Registered in 0.000719 seconds.
Begin MonoManager ReloadAssembly
Native extension for WindowsStandalone target not found
Refreshing native plugins compatible for Editor in 0.29 ms, found 0 plugins.
Preloading 0 native plugins for Editor in 0.00 ms.
Invoked RoslynAnalysisRunner static constructor.
RoslynAnalysisRunner will not be running.
RoslynAnalysisRunner has terminated.
Mono: successfully reloaded assembly
- Completed reload, in  0.933 seconds
Platform modules already initialized, skipping
Refreshing native plugins compatible for Editor in 0.29 ms, found 0 plugins.
Preloading 0 native plugins for Editor in 0.00 ms.
Unloading 1099 Unused Serialized files (Serialized files now loaded: 0)
System memory in use before: 69.0 MB.
System memory in use after: 69.0 MB.

Unloading 5 unused Assets to reduce memory usage. Loaded Objects now: 1566.
Total: 2.381300 ms (FindLiveObjects: 0.173000 ms CreateObjectMapping: 0.054700 ms MarkObjects: 2.059800 ms  DeleteObjects: 0.091500 ms)

========================================================================
Received Prepare
Registering precompiled user dll's ...
Registered in 0.001204 seconds.
Begin MonoManager ReloadAssembly
Native extension for WindowsStandalone target not found
Refreshing native plugins compatible for Editor in 0.27 ms, found 0 plugins.
Preloading 0 native plugins for Editor in 0.00 ms.
Invoked RoslynAnalysisRunner static constructor.
RoslynAnalysisRunner will not be running.
RoslynAnalysisRunner has terminated.
Mono: successfully reloaded assembly
- Completed reload, in  0.981 seconds
Platform modules already initialized, skipping
Refreshing native plugins compatible for Editor in 0.26 ms, found 0 plugins.
Preloading 0 native plugins for Editor in 0.00 ms.
Unloading 1099 Unused Serialized files (Serialized files now loaded: 0)
System memory in use before: 69.2 MB.
System memory in use after: 69.3 MB.

Unloading 5 unused Assets to reduce memory usage. Loaded Objects now: 1568.
Total: 2.375100 ms (FindLiveObjects: 0.179200 ms CreateObjectMapping: 0.105300 ms MarkObjects: 2.005800 ms  DeleteObjects: 0.083200 ms)

========================================================================
Received Import Request.
  Time since last request: 90.877013 seconds.
  path: Assets/Scripts/CookingPot/PlayerController.cs
  artifactKey: Guid(c3c1d6cf49ec457888912c280a81a016) Importer(815301076,1909f56bfc062723c751e8b465ee728b)
Start importing Assets/Scripts/CookingPot/PlayerController.cs using Guid(c3c1d6cf49ec457888912c280a81a016) Importer(815301076,1909f56bfc062723c751e8b465ee728b)  -> (artifact id: '749bfca84145152bf04afd647b5eabe8') in 0.006214 seconds
  Import took 0.009897 seconds .

========================================================================
Received Import Request.
  Time since last request: 62.588149 seconds.
  path: Assets/Scripts/CookingPot/PlayerController.cs
  artifactKey: Guid(c3c1d6cf49ec457888912c280a81a016) Importer(815301076,1909f56bfc062723c751e8b465ee728b)
Start importing Assets/Scripts/CookingPot/PlayerController.cs using Guid(c3c1d6cf49ec457888912c280a81a016) Importer(815301076,1909f56bfc062723c751e8b465ee728b)  -> (artifact id: '986f0ab7cd688e473e571353586ec674') in 0.001981 seconds
  Import took 0.004906 seconds .

========================================================================
Received Import Request.
  Time since last request: 583.812104 seconds.
  path: Assets/Scripts/CookingPot/PlayerController.cs
  artifactKey: Guid(c3c1d6cf49ec457888912c280a81a016) Importer(815301076,1909f56bfc062723c751e8b465ee728b)
Start importing Assets/Scripts/CookingPot/PlayerController.cs using Guid(c3c1d6cf49ec457888912c280a81a016) Importer(815301076,1909f56bfc062723c751e8b465ee728b)  -> (artifact id: '2d732716141456e04fd355a6c69d4250') in 0.002472 seconds
  Import took 0.006058 seconds .

========================================================================
Received Prepare
Registering precompiled user dll's ...
Registered in 0.000730 seconds.
Begin MonoManager ReloadAssembly
Native extension for WindowsStandalone target not found
Refreshing native plugins compatible for Editor in 0.27 ms, found 0 plugins.
Preloading 0 native plugins for Editor in 0.00 ms.
Invoked RoslynAnalysisRunner static constructor.
RoslynAnalysisRunner will not be running.
RoslynAnalysisRunner has terminated.
Mono: successfully reloaded assembly
- Completed reload, in  0.929 seconds
Platform modules already initialized, skipping
Refreshing native plugins compatible for Editor in 0.26 ms, found 0 plugins.
Preloading 0 native plugins for Editor in 0.00 ms.
Unloading 1099 Unused Serialized files (Serialized files now loaded: 0)
System memory in use before: 69.3 MB.
System memory in use after: 69.4 MB.

Unloading 5 unused Assets to reduce memory usage. Loaded Objects now: 1570.
Total: 2.183200 ms (FindLiveObjects: 0.174900 ms CreateObjectMapping: 0.089400 ms MarkObjects: 1.851000 ms  DeleteObjects: 0.066500 ms)

========================================================================
Received Import Request.
  Time since last request: 20.206564 seconds.
  path: Assets/Scripts/CookingPot/PlayerController.cs
  artifactKey: Guid(c3c1d6cf49ec457888912c280a81a016) Importer(815301076,1909f56bfc062723c751e8b465ee728b)
Start importing Assets/Scripts/CookingPot/PlayerController.cs using Guid(c3c1d6cf49ec457888912c280a81a016) Importer(815301076,1909f56bfc062723c751e8b465ee728b)  -> (artifact id: '4a5ad7fa40b1dfedfc080f9dabd92468') in 0.004412 seconds
  Import took 0.007434 seconds .

========================================================================
Received Prepare
Registering precompiled user dll's ...
Registered in 0.000842 seconds.
Begin MonoManager ReloadAssembly
Native extension for WindowsStandalone target not found
Refreshing native plugins compatible for Editor in 0.37 ms, found 0 plugins.
Preloading 0 native plugins for Editor in 0.00 ms.
Invoked RoslynAnalysisRunner static constructor.
RoslynAnalysisRunner will not be running.
RoslynAnalysisRunner has terminated.
Mono: successfully reloaded assembly
- Completed reload, in  0.967 seconds
Platform modules already initialized, skipping
Refreshing native plugins compatible for Editor in 0.28 ms, found 0 plugins.
Preloading 0 native plugins for Editor in 0.00 ms.
Unloading 1099 Unused Serialized files (Serialized files now loaded: 0)
System memory in use before: 69.7 MB.
System memory in use after: 69.8 MB.

Unloading 5 unused Assets to reduce memory usage. Loaded Objects now: 1572.
Total: 2.331900 ms (FindLiveObjects: 0.218800 ms CreateObjectMapping: 0.108500 ms MarkObjects: 1.928100 ms  DeleteObjects: 0.074700 ms)

========================================================================
Received Prepare
Registering precompiled user dll's ...
Registered in 0.000654 seconds.
Begin MonoManager ReloadAssembly
Native extension for WindowsStandalone target not found
Refreshing native plugins compatible for Editor in 0.27 ms, found 0 plugins.
Preloading 0 native plugins for Editor in 0.00 ms.
Invoked RoslynAnalysisRunner static constructor.
RoslynAnalysisRunner will not be running.
RoslynAnalysisRunner has terminated.
Mono: successfully reloaded assembly
- Completed reload, in  1.015 seconds
Platform modules already initialized, skipping
Refreshing native plugins compatible for Editor in 0.25 ms, found 0 plugins.
Preloading 0 native plugins for Editor in 0.00 ms.
Unloading 1099 Unused Serialized files (Serialized files now loaded: 0)
System memory in use before: 69.9 MB.
System memory in use after: 70.0 MB.

Unloading 5 unused Assets to reduce memory usage. Loaded Objects now: 1574.
Total: 1.989500 ms (FindLiveObjects: 0.216500 ms CreateObjectMapping: 0.078300 ms MarkObjects: 1.622000 ms  DeleteObjects: 0.071200 ms)

========================================================================
Received Prepare
Registering precompiled user dll's ...
Registered in 0.000601 seconds.
Begin MonoManager ReloadAssembly
Native extension for WindowsStandalone target not found
Refreshing native plugins compatible for Editor in 0.28 ms, found 0 plugins.
Preloading 0 native plugins for Editor in 0.00 ms.
Invoked RoslynAnalysisRunner static constructor.
RoslynAnalysisRunner will not be running.
RoslynAnalysisRunner has terminated.
Mono: successfully reloaded assembly
- Completed reload, in  0.958 seconds
Platform modules already initialized, skipping
Refreshing native plugins compatible for Editor in 0.26 ms, found 0 plugins.
Preloading 0 native plugins for Editor in 0.00 ms.
Unloading 1100 Unused Serialized files (Serialized files now loaded: 0)
System memory in use before: 70.2 MB.
System memory in use after: 70.2 MB.

Unloading 5 unused Assets to reduce memory usage. Loaded Objects now: 1577.
Total: 1.852500 ms (FindLiveObjects: 0.143700 ms CreateObjectMapping: 0.055000 ms MarkObjects: 1.551900 ms  DeleteObjects: 0.100400 ms)

========================================================================
Received Prepare
Registering precompiled user dll's ...
Registered in 0.000697 seconds.
Begin MonoManager ReloadAssembly
Native extension for WindowsStandalone target not found
Refreshing native plugins compatible for Editor in 0.26 ms, found 0 plugins.
Preloading 0 native plugins for Editor in 0.00 ms.
Invoked RoslynAnalysisRunner static constructor.
RoslynAnalysisRunner will not be running.
RoslynAnalysisRunner has terminated.
Mono: successfully reloaded assembly
- Completed reload, in  0.981 seconds
Platform modules already initialized, skipping
Refreshing native plugins compatible for Editor in 0.26 ms, found 0 plugins.
Preloading 0 native plugins for Editor in 0.00 ms.
Unloading 1100 Unused Serialized files (Serialized files now loaded: 0)
System memory in use before: 70.3 MB.
System memory in use after: 70.4 MB.

Unloading 5 unused Assets to reduce memory usage. Loaded Objects now: 1579.
Total: 1.886300 ms (FindLiveObjects: 0.158200 ms CreateObjectMapping: 0.056100 ms MarkObjects: 1.590600 ms  DeleteObjects: 0.079500 ms)

========================================================================
Received Prepare
Registering precompiled user dll's ...
Registered in 0.000643 seconds.
Begin MonoManager ReloadAssembly
Native extension for WindowsStandalone target not found
Refreshing native plugins compatible for Editor in 0.25 ms, found 0 plugins.
Preloading 0 native plugins for Editor in 0.00 ms.
Invoked RoslynAnalysisRunner static constructor.
RoslynAnalysisRunner will not be running.
RoslynAnalysisRunner has terminated.
Mono: successfully reloaded assembly
- Completed reload, in  0.943 seconds
Platform modules already initialized, skipping
Refreshing native plugins compatible for Editor in 0.26 ms, found 0 plugins.
Preloading 0 native plugins for Editor in 0.00 ms.
Unloading 1101 Unused Serialized files (Serialized files now loaded: 0)
System memory in use before: 69.6 MB.
System memory in use after: 69.7 MB.

Unloading 5 unused Assets to reduce memory usage. Loaded Objects now: 1582.
Total: 1.980700 ms (FindLiveObjects: 0.162100 ms CreateObjectMapping: 0.064400 ms MarkObjects: 1.670400 ms  DeleteObjects: 0.082200 ms)

========================================================================
Received Prepare
Registering precompiled user dll's ...
Registered in 0.000723 seconds.
Begin MonoManager ReloadAssembly
Native extension for WindowsStandalone target not found
Refreshing native plugins compatible for Editor in 0.31 ms, found 0 plugins.
Preloading 0 native plugins for Editor in 0.00 ms.
Invoked RoslynAnalysisRunner static constructor.
RoslynAnalysisRunner will not be running.
RoslynAnalysisRunner has terminated.
Mono: successfully reloaded assembly
- Completed reload, in  0.995 seconds
Platform modules already initialized, skipping
Refreshing native plugins compatible for Editor in 0.29 ms, found 0 plugins.
Preloading 0 native plugins for Editor in 0.00 ms.
Unloading 1101 Unused Serialized files (Serialized files now loaded: 0)
System memory in use before: 69.9 MB.
System memory in use after: 70.0 MB.

Unloading 5 unused Assets to reduce memory usage. Loaded Objects now: 1584.
Total: 2.110600 ms (FindLiveObjects: 0.165400 ms CreateObjectMapping: 0.074600 ms MarkObjects: 1.777300 ms  DeleteObjects: 0.091900 ms)

========================================================================
Received Prepare
Registering precompiled user dll's ...
Registered in 0.000607 seconds.
Begin MonoManager ReloadAssembly
Native extension for WindowsStandalone target not found
Refreshing native plugins compatible for Editor in 0.28 ms, found 0 plugins.
Preloading 0 native plugins for Editor in 0.00 ms.
Invoked RoslynAnalysisRunner static constructor.
RoslynAnalysisRunner will not be running.
RoslynAnalysisRunner has terminated.
Mono: successfully reloaded assembly
- Completed reload, in  0.933 seconds
Platform modules already initialized, skipping
Refreshing native plugins compatible for Editor in 0.27 ms, found 0 plugins.
Preloading 0 native plugins for Editor in 0.00 ms.
Unloading 1101 Unused Serialized files (Serialized files now loaded: 0)
System memory in use before: 70.1 MB.
System memory in use after: 70.2 MB.

Unloading 5 unused Assets to reduce memory usage. Loaded Objects now: 1586.
Total: 2.422000 ms (FindLiveObjects: 0.191000 ms CreateObjectMapping: 0.125200 ms MarkObjects: 2.016800 ms  DeleteObjects: 0.087400 ms)

========================================================================
Received Prepare
Registering precompiled user dll's ...
Registered in 0.000704 seconds.
Begin MonoManager ReloadAssembly
Native extension for WindowsStandalone target not found
Refreshing native plugins compatible for Editor in 0.26 ms, found 0 plugins.
Preloading 0 native plugins for Editor in 0.00 ms.
Invoked RoslynAnalysisRunner static constructor.
RoslynAnalysisRunner will not be running.
RoslynAnalysisRunner has terminated.
Mono: successfully reloaded assembly
- Completed reload, in  1.056 seconds
Platform modules already initialized, skipping
Refreshing native plugins compatible for Editor in 0.40 ms, found 0 plugins.
Preloading 0 native plugins for Editor in 0.00 ms.
Unloading 1102 Unused Serialized files (Serialized files now loaded: 0)
System memory in use before: 70.4 MB.
System memory in use after: 70.5 MB.

Unloading 5 unused Assets to reduce memory usage. Loaded Objects now: 1589.
Total: 2.031500 ms (FindLiveObjects: 0.178600 ms CreateObjectMapping: 0.069000 ms MarkObjects: 1.699500 ms  DeleteObjects: 0.082400 ms)

========================================================================
Received Prepare
Registering precompiled user dll's ...
Registered in 0.000663 seconds.
Begin MonoManager ReloadAssembly
Native extension for WindowsStandalone target not found
Refreshing native plugins compatible for Editor in 0.26 ms, found 0 plugins.
Preloading 0 native plugins for Editor in 0.00 ms.
Invoked RoslynAnalysisRunner static constructor.
RoslynAnalysisRunner will not be running.
RoslynAnalysisRunner has terminated.
Mono: successfully reloaded assembly
- Completed reload, in  1.011 seconds
Platform modules already initialized, skipping
Refreshing native plugins compatible for Editor in 0.27 ms, found 0 plugins.
Preloading 0 native plugins for Editor in 0.00 ms.
Unloading 1101 Unused Serialized files (Serialized files now loaded: 0)
System memory in use before: 70.4 MB.
System memory in use after: 70.5 MB.

Unloading 6 unused Assets to reduce memory usage. Loaded Objects now: 1590.
Total: 2.354100 ms (FindLiveObjects: 0.182600 ms CreateObjectMapping: 0.092100 ms MarkObjects: 2.003900 ms  DeleteObjects: 0.074100 ms)

========================================================================
Received Prepare
Registering precompiled user dll's ...
Registered in 0.000640 seconds.
Begin MonoManager ReloadAssembly
Native extension for WindowsStandalone target not found
Refreshing native plugins compatible for Editor in 0.27 ms, found 0 plugins.
Preloading 0 native plugins for Editor in 0.00 ms.
Invoked RoslynAnalysisRunner static constructor.
RoslynAnalysisRunner will not be running.
RoslynAnalysisRunner has terminated.
Mono: successfully reloaded assembly
- Completed reload, in  1.063 seconds
Platform modules already initialized, skipping
Refreshing native plugins compatible for Editor in 0.26 ms, found 0 plugins.
Preloading 0 native plugins for Editor in 0.00 ms.
Unloading 1101 Unused Serialized files (Serialized files now loaded: 0)
System memory in use before: 69.9 MB.
System memory in use after: 69.9 MB.

Unloading 5 unused Assets to reduce memory usage. Loaded Objects now: 1592.
Total: 2.314600 ms (FindLiveObjects: 0.225000 ms CreateObjectMapping: 0.119600 ms MarkObjects: 1.874600 ms  DeleteObjects: 0.092700 ms)

========================================================================
Received Prepare
Registering precompiled user dll's ...
Registered in 0.000619 seconds.
Begin MonoManager ReloadAssembly
Native extension for WindowsStandalone target not found
Refreshing native plugins compatible for Editor in 6.44 ms, found 0 plugins.
Preloading 0 native plugins for Editor in 0.00 ms.
Invoked RoslynAnalysisRunner static constructor.
RoslynAnalysisRunner will not be running.
RoslynAnalysisRunner has terminated.
Mono: successfully reloaded assembly
- Completed reload, in  1.096 seconds
Platform modules already initialized, skipping
Refreshing native plugins compatible for Editor in 0.26 ms, found 0 plugins.
Preloading 0 native plugins for Editor in 0.00 ms.
Unloading 1101 Unused Serialized files (Serialized files now loaded: 0)
System memory in use before: 70.1 MB.
System memory in use after: 70.2 MB.

Unloading 6 unused Assets to reduce memory usage. Loaded Objects now: 1594.
Total: 2.179800 ms (FindLiveObjects: 0.187300 ms CreateObjectMapping: 0.093500 ms MarkObjects: 1.804400 ms  DeleteObjects: 0.093000 ms)

========================================================================
Received Prepare
Registering precompiled user dll's ...
Registered in 0.000783 seconds.
Begin MonoManager ReloadAssembly
Native extension for WindowsStandalone target not found
Refreshing native plugins compatible for Editor in 0.29 ms, found 0 plugins.
Preloading 0 native plugins for Editor in 0.00 ms.
Invoked RoslynAnalysisRunner static constructor.
RoslynAnalysisRunner will not be running.
RoslynAnalysisRunner has terminated.
Mono: successfully reloaded assembly
- Completed reload, in  0.932 seconds
Platform modules already initialized, skipping
Refreshing native plugins compatible for Editor in 0.25 ms, found 0 plugins.
Preloading 0 native plugins for Editor in 0.00 ms.
Unloading 1101 Unused Serialized files (Serialized files now loaded: 0)
System memory in use before: 70.3 MB.
System memory in use after: 70.4 MB.

Unloading 5 unused Assets to reduce memory usage. Loaded Objects now: 1596.
Total: 2.027600 ms (FindLiveObjects: 0.183400 ms CreateObjectMapping: 0.057000 ms MarkObjects: 1.693000 ms  DeleteObjects: 0.092600 ms)

========================================================================
Received Prepare
Registering precompiled user dll's ...
Registered in 0.000693 seconds.
Begin MonoManager ReloadAssembly
Native extension for WindowsStandalone target not found
Refreshing native plugins compatible for Editor in 0.37 ms, found 0 plugins.
Preloading 0 native plugins for Editor in 0.00 ms.
Invoked RoslynAnalysisRunner static constructor.
RoslynAnalysisRunner will not be running.
RoslynAnalysisRunner has terminated.
Mono: successfully reloaded assembly
- Completed reload, in  0.969 seconds
Platform modules already initialized, skipping
Refreshing native plugins compatible for Editor in 0.26 ms, found 0 plugins.
Preloading 0 native plugins for Editor in 0.00 ms.
Unloading 1101 Unused Serialized files (Serialized files now loaded: 0)
System memory in use before: 70.4 MB.
System memory in use after: 70.5 MB.

Unloading 5 unused Assets to reduce memory usage. Loaded Objects now: 1598.
Total: 1.995400 ms (FindLiveObjects: 0.161200 ms CreateObjectMapping: 0.063600 ms MarkObjects: 1.676600 ms  DeleteObjects: 0.092300 ms)

========================================================================
Received Prepare
Registering precompiled user dll's ...
Registered in 0.000620 seconds.
Begin MonoManager ReloadAssembly
Native extension for WindowsStandalone target not found
Refreshing native plugins compatible for Editor in 0.26 ms, found 0 plugins.
Preloading 0 native plugins for Editor in 0.00 ms.
Invoked RoslynAnalysisRunner static constructor.
RoslynAnalysisRunner will not be running.
RoslynAnalysisRunner has terminated.
Mono: successfully reloaded assembly
- Completed reload, in  0.951 seconds
Platform modules already initialized, skipping
Refreshing native plugins compatible for Editor in 0.26 ms, found 0 plugins.
Preloading 0 native plugins for Editor in 0.00 ms.
Unloading 1101 Unused Serialized files (Serialized files now loaded: 0)
System memory in use before: 69.8 MB.
System memory in use after: 69.9 MB.

Unloading 5 unused Assets to reduce memory usage. Loaded Objects now: 1600.
Total: 2.311000 ms (FindLiveObjects: 0.204600 ms CreateObjectMapping: 0.107800 ms MarkObjects: 1.922200 ms  DeleteObjects: 0.074400 ms)

========================================================================
Received Prepare
Registering precompiled user dll's ...
Registered in 0.000727 seconds.
Begin MonoManager ReloadAssembly
Native extension for WindowsStandalone target not found
Refreshing native plugins compatible for Editor in 0.26 ms, found 0 plugins.
Preloading 0 native plugins for Editor in 0.00 ms.
Invoked RoslynAnalysisRunner static constructor.
RoslynAnalysisRunner will not be running.
RoslynAnalysisRunner has terminated.
Mono: successfully reloaded assembly
- Completed reload, in  0.949 seconds
Platform modules already initialized, skipping
Refreshing native plugins compatible for Editor in 0.26 ms, found 0 plugins.
Preloading 0 native plugins for Editor in 0.00 ms.
Unloading 1101 Unused Serialized files (Serialized files now loaded: 0)
System memory in use before: 70.0 MB.
System memory in use after: 70.1 MB.

Unloading 5 unused Assets to reduce memory usage. Loaded Objects now: 1602.
Total: 2.106600 ms (FindLiveObjects: 0.278400 ms CreateObjectMapping: 0.061700 ms MarkObjects: 1.671800 ms  DeleteObjects: 0.092900 ms)

========================================================================
Received Prepare
Registering precompiled user dll's ...
Registered in 0.000654 seconds.
Begin MonoManager ReloadAssembly
Native extension for WindowsStandalone target not found
Refreshing native plugins compatible for Editor in 0.26 ms, found 0 plugins.
Preloading 0 native plugins for Editor in 0.00 ms.
Invoked RoslynAnalysisRunner static constructor.
RoslynAnalysisRunner will not be running.
RoslynAnalysisRunner has terminated.
Mono: successfully reloaded assembly
- Completed reload, in  0.966 seconds
Platform modules already initialized, skipping
Refreshing native plugins compatible for Editor in 0.26 ms, found 0 plugins.
Preloading 0 native plugins for Editor in 0.00 ms.
Unloading 1101 Unused Serialized files (Serialized files now loaded: 0)
System memory in use before: 70.2 MB.
System memory in use after: 70.3 MB.

Unloading 5 unused Assets to reduce memory usage. Loaded Objects now: 1604.
Total: 2.032200 ms (FindLiveObjects: 0.150100 ms CreateObjectMapping: 0.054300 ms MarkObjects: 1.750200 ms  DeleteObjects: 0.075900 ms)

========================================================================
Received Prepare
Registering precompiled user dll's ...
Registered in 0.000650 seconds.
Begin MonoManager ReloadAssembly
Native extension for WindowsStandalone target not found
Refreshing native plugins compatible for Editor in 0.26 ms, found 0 plugins.
Preloading 0 native plugins for Editor in 0.00 ms.
Invoked RoslynAnalysisRunner static constructor.
RoslynAnalysisRunner will not be running.
RoslynAnalysisRunner has terminated.
Mono: successfully reloaded assembly
- Completed reload, in  0.995 seconds
Platform modules already initialized, skipping
Refreshing native plugins compatible for Editor in 0.30 ms, found 0 plugins.
Preloading 0 native plugins for Editor in 0.00 ms.
Unloading 1101 Unused Serialized files (Serialized files now loaded: 0)
System memory in use before: 70.5 MB.
System memory in use after: 70.5 MB.

Unloading 5 unused Assets to reduce memory usage. Loaded Objects now: 1606.
Total: 2.041200 ms (FindLiveObjects: 0.165400 ms CreateObjectMapping: 0.065100 ms MarkObjects: 1.734200 ms  DeleteObjects: 0.075000 ms)

========================================================================
Received Import Request.
  Time since last request: 2633.021501 seconds.
  path: Assets/Prefabs/Potato.prefab
  artifactKey: Guid(9717c2c2fb8de8c48bfc62e05682e120) Importer(815301076,1909f56bfc062723c751e8b465ee728b)
Start importing Assets/Prefabs/Potato.prefab using Guid(9717c2c2fb8de8c48bfc62e05682e120) Importer(815301076,1909f56bfc062723c751e8b465ee728b)  -> (artifact id: '7f3881e94133e1384d4521d877a12ad9') in 0.128799 seconds
  Import took 0.131463 seconds .

========================================================================
Received Import Request.
  Time since last request: 3.207468 seconds.
  path: Assets/Prefabs/Player.prefab
  artifactKey: Guid(fe89ed96788264948874c5433d25fabe) Importer(815301076,1909f56bfc062723c751e8b465ee728b)
Start importing Assets/Prefabs/Player.prefab using Guid(fe89ed96788264948874c5433d25fabe) Importer(815301076,1909f56bfc062723c751e8b465ee728b)  -> (artifact id: '6d556c520f9371ad86038b8cefff8212') in 0.013755 seconds
  Import took 0.016468 seconds .

========================================================================
Received Import Request.
  Time since last request: 0.004272 seconds.
  path: Assets/Prefabs/Player.prefab
  artifactKey: Guid(fe89ed96788264948874c5433d25fabe) Importer(815301076,1909f56bfc062723c751e8b465ee728b)
Start importing Assets/Prefabs/Player.prefab using Guid(fe89ed96788264948874c5433d25fabe) Importer(815301076,1909f56bfc062723c751e8b465ee728b)  -> (artifact id: '6d556c520f9371ad86038b8cefff8212') in 0.007116 seconds
  Import took 0.009563 seconds .

========================================================================
Received Import Request.
  Time since last request: 13.101069 seconds.
  path: Assets/Prefabs/CookingPot.prefab
  artifactKey: Guid(37af07f2a96d26944903c805ddcae3ee) Importer(815301076,1909f56bfc062723c751e8b465ee728b)
Start importing Assets/Prefabs/CookingPot.prefab using Guid(37af07f2a96d26944903c805ddcae3ee) Importer(815301076,1909f56bfc062723c751e8b465ee728b)  -> (artifact id: '0aadf27682c5b0a3054b4907c8fbf852') in 0.012346 seconds
  Import took 0.015223 seconds .

========================================================================
Received Import Request.
  Time since last request: 0.002489 seconds.
  path: Assets/Prefabs/CookingPot.prefab
  artifactKey: Guid(37af07f2a96d26944903c805ddcae3ee) Importer(815301076,1909f56bfc062723c751e8b465ee728b)
Start importing Assets/Prefabs/CookingPot.prefab using Guid(37af07f2a96d26944903c805ddcae3ee) Importer(815301076,1909f56bfc062723c751e8b465ee728b)  -> (artifact id: '0aadf27682c5b0a3054b4907c8fbf852') in 0.008627 seconds
  Import took 0.011805 seconds .

========================================================================
Received Import Request.
  Time since last request: 20.377471 seconds.
  path: Assets/Prefabs/CookingPot.prefab
  artifactKey: Guid(37af07f2a96d26944903c805ddcae3ee) Importer(815301076,1909f56bfc062723c751e8b465ee728b)
Start importing Assets/Prefabs/CookingPot.prefab using Guid(37af07f2a96d26944903c805ddcae3ee) Importer(815301076,1909f56bfc062723c751e8b465ee728b)  -> (artifact id: '546cc9d53a5601819c8420de123f6dec') in 0.012238 seconds
  Import took 0.015392 seconds .

========================================================================
Received Prepare
Registering precompiled user dll's ...
Registered in 0.000636 seconds.
Begin MonoManager ReloadAssembly
Native extension for WindowsStandalone target not found
Refreshing native plugins compatible for Editor in 0.28 ms, found 0 plugins.
Preloading 0 native plugins for Editor in 0.00 ms.
Invoked RoslynAnalysisRunner static constructor.
RoslynAnalysisRunner will not be running.
RoslynAnalysisRunner has terminated.
Mono: successfully reloaded assembly
- Completed reload, in  0.984 seconds
Platform modules already initialized, skipping
Refreshing native plugins compatible for Editor in 0.27 ms, found 0 plugins.
Preloading 0 native plugins for Editor in 0.00 ms.
Unloading 1101 Unused Serialized files (Serialized files now loaded: 0)
System memory in use before: 72.9 MB.
System memory in use after: 73.0 MB.

Unloading 6 unused Assets to reduce memory usage. Loaded Objects now: 1618.
Total: 2.025600 ms (FindLiveObjects: 0.177000 ms CreateObjectMapping: 0.078100 ms MarkObjects: 1.690400 ms  DeleteObjects: 0.078600 ms)

========================================================================
Received Import Request.
  Time since last request: 62.434868 seconds.
  path: Assets/Prefabs/Potato.prefab
  artifactKey: Guid(9717c2c2fb8de8c48bfc62e05682e120) Importer(815301076,1909f56bfc062723c751e8b465ee728b)
Start importing Assets/Prefabs/Potato.prefab using Guid(9717c2c2fb8de8c48bfc62e05682e120) Importer(815301076,1909f56bfc062723c751e8b465ee728b)  -> (artifact id: 'a7e49f72f703a939df421770a9a2972b') in 0.069491 seconds
  Import took 0.071990 seconds .

========================================================================
Received Prepare
Registering precompiled user dll's ...
Registered in 0.000825 seconds.
Begin MonoManager ReloadAssembly
Native extension for WindowsStandalone target not found
Refreshing native plugins compatible for Editor in 0.26 ms, found 0 plugins.
Preloading 0 native plugins for Editor in 0.00 ms.
Invoked RoslynAnalysisRunner static constructor.
RoslynAnalysisRunner will not be running.
RoslynAnalysisRunner has terminated.
Mono: successfully reloaded assembly
- Completed reload, in  1.057 seconds
Platform modules already initialized, skipping
Refreshing native plugins compatible for Editor in 0.25 ms, found 0 plugins.
Preloading 0 native plugins for Editor in 0.00 ms.
Unloading 1101 Unused Serialized files (Serialized files now loaded: 0)
System memory in use before: 73.1 MB.
System memory in use after: 73.2 MB.

Unloading 5 unused Assets to reduce memory usage. Loaded Objects now: 1621.
Total: 1.901900 ms (FindLiveObjects: 0.158600 ms CreateObjectMapping: 0.055600 ms MarkObjects: 1.577300 ms  DeleteObjects: 0.109100 ms)

========================================================================
Received Prepare
Registering precompiled user dll's ...
Registered in 0.000605 seconds.
Begin MonoManager ReloadAssembly
Native extension for WindowsStandalone target not found
Refreshing native plugins compatible for Editor in 0.26 ms, found 0 plugins.
Preloading 0 native plugins for Editor in 0.00 ms.
Invoked RoslynAnalysisRunner static constructor.
RoslynAnalysisRunner will not be running.
RoslynAnalysisRunner has terminated.
Mono: successfully reloaded assembly
- Completed reload, in  0.976 seconds
Platform modules already initialized, skipping
Refreshing native plugins compatible for Editor in 0.34 ms, found 0 plugins.
Preloading 0 native plugins for Editor in 0.00 ms.
Unloading 1101 Unused Serialized files (Serialized files now loaded: 0)
System memory in use before: 73.3 MB.
System memory in use after: 73.4 MB.

Unloading 5 unused Assets to reduce memory usage. Loaded Objects now: 1623.
Total: 3.094600 ms (FindLiveObjects: 0.378400 ms CreateObjectMapping: 0.226400 ms MarkObjects: 2.387000 ms  DeleteObjects: 0.100500 ms)

========================================================================
Received Import Request.
  Time since last request: 55.472400 seconds.
  path: Assets/Prefabs/Potato.prefab
  artifactKey: Guid(9717c2c2fb8de8c48bfc62e05682e120) Importer(815301076,1909f56bfc062723c751e8b465ee728b)
Start importing Assets/Prefabs/Potato.prefab using Guid(9717c2c2fb8de8c48bfc62e05682e120) Importer(815301076,1909f56bfc062723c751e8b465ee728b)  -> (artifact id: '4f34cd8cf5d25e6a0a95ca4951f66c91') in 0.087016 seconds
  Import took 0.089664 seconds .

AssetImportWorkerClient::OnTransportError - code=2 error=End of file
